<?xml version="1.0" encoding="UTF-8"?>
<!-- Generated by org.testng.reporters.JUnitReportReporter -->
<testsuite hostname="Sam" failures="0" tests="1" name="runner.Runner" time="1.626" errors="0" timestamp="2020-05-14T02:54:00 IST" skipped="0">
  <testcase classname="runner.Runner" name="feature" time="1.626"/>
  <system-out/>
</testsuite> <!-- runner.Runner -->
