<?xml version="1.0" encoding="UTF-8"?>
<!-- Generated by org.testng.reporters.JUnitReportReporter -->
<testsuite hostname="Sam" failures="0" tests="1" name="runner.RunnerClass" time="1.839" errors="0" timestamp="2020-05-19T19:22:56 IST" skipped="0">
  <testcase classname="runner.RunnerClass" name="feature" time="1.839"/>
  <system-out/>
</testsuite> <!-- runner.RunnerClass -->
