<?xml version="1.0" encoding="UTF-8"?>
<!-- Generated by org.testng.reporters.JUnitReportReporter -->
<testsuite hostname="Sam" failures="0" tests="2" name="testMethods.TestGetMethod" time="1.503" errors="0" timestamp="2020-05-09T00:04:50 IST" skipped="0">
  <testcase classname="testMethods.TestGetMethod" name="HttpGetCallWithHeaders" time="1.272"/>
  <system-out/>
  <testcase classname="testMethods.TestGetMethod" name="HttpGetCall" time="0.231"/>
  <system-out/>
</testsuite> <!-- testMethods.TestGetMethod -->
