<?xml version="1.0" encoding="UTF-8"?>
<!-- Generated by org.testng.reporters.JUnitReportReporter -->
<testsuite hostname="Sam" failures="0" tests="3" name="testMethods.TestHttpMethods" time="3.197" errors="0" timestamp="2020-05-11T23:59:00 IST" skipped="0">
  <testcase classname="testMethods.TestHttpMethods" name="HttpGetCallWithHeaders" time="1.520"/>
  <system-out/>
  <testcase classname="testMethods.TestHttpMethods" name="HttpGetCall" time="0.401"/>
  <system-out/>
  <testcase classname="testMethods.TestHttpMethods" name="HttpPostCall" time="1.276"/>
  <system-out/>
</testsuite> <!-- testMethods.TestHttpMethods -->
